T15620 2507:494.988   SEGGER J-Link V7.94a Log File
T15620 2507:495.075   DLL Compiled: Dec  6 2023 16:01:39
T15620 2507:495.099   Logging started @ 2023-12-19 01:04
T15620 2507:495.120   Process: C:\Program Files (x86)\Atmel\Studio\7.0\atbackend\atbackend.exe
T15620 2507:495.142 - 90114.314ms
T15620 2507:499.962 JLINK_ExecCommand("Device = ATSAMD21G18A", ...). 
T15620 2507:500.429   Device "ATSAMD21G18A" selected.
T15620 2507:500.812 - 0.790ms returns 0x00
T15620 2507:527.081 JLINK_TIF_Select(JLINKARM_TIF_SWD)
T15620 2507:529.131 - 2.050ms returns 0x00
T15620 2507:529.172 JLINK_SetSpeed(4000)
T15620 2507:529.596 - 0.424ms
T15620 2507:529.676 JLINK_ResetPullsRESET(OFF)
T15620 2507:529.701 - 0.024ms
T15620 2507:529.729 JLINK_Connect()
T15620 2507:530.859   InitTarget() start
T15620 2507:530.878    J-Link Script File: Executing InitTarget()
T15620 2507:530.899   InitTarget()
T15620 2507:535.544   InitTarget() end - Took 4.60ms
T15620 2507:536.916   Found SW-DP with ID 0x0BC11477
T15620 2507:540.639   DPIDR: 0x0BC11477
T15620 2507:540.670   CoreSight SoC-400 or earlier
T15620 2507:540.690   Scanning AP map to find all available APs
T15620 2507:541.859   AP[1]: Stopped AP scan as end of AP map has been reached
T15620 2507:541.878   AP[0]: AHB-AP (IDR: 0x04770031)
T15620 2507:541.892   Iterating through AP map to find AHB-AP to use
T15620 2507:543.327   AP[0]: Core found
T15620 2507:543.344   AP[0]: AHB-AP ROM base: 0x41003000
T15620 2507:544.064   CPUID register: 0x410CC601. Implementer code: 0x41 (ARM)
T15620 2507:544.083   Found Cortex-M0 r0p1, Little endian.
T15620 2507:545.025   -- Max. mem block: 0x00002B08
T15620 2507:545.957   CPU_ReadMem(4 bytes @ 0xE000EDF0)
T15620 2507:546.579   CPU_WriteMem(4 bytes @ 0xE000EDF0)
T15620 2507:547.333   CPU_ReadMem(4 bytes @ 0xE0002000)
T15620 2507:548.020   FPUnit: 4 code (BP) slots and 0 literal slots
T15620 2507:548.039   CPU_ReadMem(4 bytes @ 0xE000EDFC)
T15620 2507:548.627   CPU_WriteMem(4 bytes @ 0xE000EDFC)
T15620 2507:549.237   CPU_ReadMem(4 bytes @ 0xE0001000)
T15620 2507:549.791   CPU_WriteMem(4 bytes @ 0xE0001000)
T15620 2507:550.515   CoreSight components:
T15620 2507:550.565   ROMTbl[0] @ 41003000
T15620 2507:550.585   CPU_ReadMem(64 bytes @ 0x41003000)
T15620 2507:551.680   CPU_ReadMem(32 bytes @ 0xE00FFFE0)
T15620 2507:552.629   [0][0]: E00FF000 CID B105100D PID 000BB4C0 ROM Table
T15620 2507:552.659   ROMTbl[1] @ E00FF000
T15620 2507:552.672   CPU_ReadMem(64 bytes @ 0xE00FF000)
T15620 2507:553.684   CPU_ReadMem(32 bytes @ 0xE000EFE0)
T15620 2507:554.519   [1][0]: E000E000 CID B105E00D PID 000BB008 SCS
T15620 2507:554.538   CPU_ReadMem(32 bytes @ 0xE0001FE0)
T15620 2507:555.340   [1][1]: E0001000 CID B105E00D PID 000BB00A DWT
T15620 2507:555.355   CPU_ReadMem(32 bytes @ 0xE0002FE0)
T15620 2507:556.239   [1][2]: E0002000 CID B105E00D PID 000BB00B FPB
T15620 2507:556.257   CPU_ReadMem(32 bytes @ 0x41006FE0)
T15620 2507:557.098   [0][1]: 41006000 CID B105900D PID 001BB932 MTB-M0+
T15620 2507:557.130 - 27.400ms returns 0x00
T15620 2507:557.191 JLINK_ExecCommand("ExcludeFlashCacheRange 0x0 - 0x40000", ...). 
T15620 2507:557.203 - 0.001ms returns 0x00
T15620 2507:557.223 JLINK_Halt()
T15620 2507:560.559 - 3.334ms returns 0x00
T15620 2507:562.067 JLINK_JTAG_GetDeviceID(DeviceIndex = 0)
T15620 2507:562.083 - 0.015ms returns 0
T15620 2507:562.094 JLINK_ReadMemU32(0x41002018, 0x1 Items)
T15620 2507:562.124   CPU_ReadMem(4 bytes @ 0x41002018)
T15620 2507:562.795   Data:  05 03 01 10
T15620 2507:562.815 - 0.720ms returns 1 (0x1)
T9AA8 2507:575.961 JLINK_IsHalted()
T9AA8 2507:576.658 - 0.695ms returns TRUE
T9AA8 2507:576.689 JLINK_GetMOEs(...)
T9AA8 2507:576.707   CPU_ReadMem(4 bytes @ 0xE000ED30)
T9AA8 2507:577.333 - 0.642ms returns 0x01
T9AA8 2507:577.393 JLINK_ReadReg(R15 (PC))
T9AA8 2507:577.407 - 0.014ms returns 0x000023C8
T15620 2507:710.010 JLINK_BeginDownload(Flags = 0x00000000)
T15620 2507:710.034 - 0.025ms
T15620 2507:710.055 JLINK_WriteMem(0x00012000, 0x29AC0 Bytes, ...)
T15620 2507:710.062   Data:  48 7F 00 20 B9 BE 02 00 B1 BF 02 00 B1 BF 02 00 ...
T15620 2507:710.605   completely In flash
T15620 2507:710.634 - 0.579ms returns 0x29AC0
T15620 2507:710.860 JLINK_WriteMem(0x0003BAC0, 0x2E8 Bytes, ...)
T15620 2507:710.873   Data:  00 00 00 00 0C 00 00 00 00 00 00 00 00 00 00 00 ...
T15620 2507:710.891   completely In flash
T15620 2507:710.920 - 0.060ms returns 0x2E8
T9AA8 2507:777.894 JLINK_IsHalted()
T9AA8 2507:777.928 - 0.034ms returns TRUE
T15620 2507:778.745 JLINK_EndDownload()
T15620 2507:779.431   CPU_ReadMem(4 bytes @ 0x41006004)
T15620 2507:780.175   CPU_ReadMem(4 bytes @ 0xE000ED90)
T15620 2507:780.828    -- --------------------------------------
T15620 2507:780.847    -- Flash bank @ 0x00000000: Default: L2 verify disabled because algorithm performs L1 verify
T15620 2507:780.858    -- Start of determining dirty areas in flash cache
T15620 2507:780.899    -- Filling invalid ranges in sector buffer (flash cache) for sector @ 0x00012000 if necessary
T15620 2507:780.911    -- Filling invalid ranges in sector buffer (flash cache) for sector @ 0x00012100 if necessary
T15620 2507:780.922    -- Filling invalid ranges in sector buffer (flash cache) for sector @ 0x00012200 if necessary
T15620 2507:780.933    -- Filling invalid ranges in sector buffer (flash cache) for sector @ 0x00012300 if necessary
T15620 2507:780.944    -- Filling invalid ranges in sector buffer (flash cache) for sector @ 0x00012400 if necessary
T15620 2507:780.954    -- Filling invalid ranges in sector buffer (flash cache) for sector @ 0x00012500 if necessary
T15620 2507:780.965    -- Filling invalid ranges in sector buffer (flash cache) for sector @ 0x00012600 if necessary
T15620 2507:780.975    -- Filling invalid ranges in sector buffer (flash cache) for sector @ 0x00012700 if necessary
T15620 2507:780.985    -- Filling invalid ranges in sector buffer (flash cache) for sector @ 0x00012800 if necessary
T15620 2507:780.996    -- Filling invalid ranges in sector buffer (flash cache) for sector @ 0x00012900 if necessary
T15620 2507:781.007    -- Filling invalid ranges in sector buffer (flash cache) for sector @ 0x00012A00 if necessary
T15620 2507:781.018    -- Filling invalid ranges in sector buffer (flash cache) for sector @ 0x00012B00 if necessary
T15620 2507:781.029    -- Filling invalid ranges in sector buffer (flash cache) for sector @ 0x00012C00 if necessary
T15620 2507:781.039    -- Filling invalid ranges in sector buffer (flash cache) for sector @ 0x00012D00 if necessary
T15620 2507:781.050    -- Filling invalid ranges in sector buffer (flash cache) for sector @ 0x00012E00 if necessary
T15620 2507:781.062    -- Filling invalid ranges in sector buffer (flash cache) for sector @ 0x00012F00 if necessary
T15620 2507:781.073    -- Filling invalid ranges in sector buffer (flash cache) for sector @ 0x00013000 if necessary
T15620 2507:781.085    -- Filling invalid ranges in sector buffer (flash cache) for sector @ 0x00013100 if necessary
T15620 2507:781.098    -- Filling invalid ranges in sector buffer (flash cache) for sector @ 0x00013200 if necessary
T15620 2507:781.111    -- Filling invalid ranges in sector buffer (flash cache) for sector @ 0x00013300 if necessary
T15620 2507:781.124    -- Filling invalid ranges in sector buffer (flash cache) for sector @ 0x00013400 if necessary
T15620 2507:781.137    -- Filling invalid ranges in sector buffer (flash cache) for sector @ 0x00013500 if necessary
T15620 2507:781.147    -- Filling invalid ranges in sector buffer (flash cache) for sector @ 0x00013600 if necessary
T15620 2507:781.158    -- Filling invalid ranges in sector buffer (flash cache) for sector @ 0x00013700 if necessary
T15620 2507:781.168    -- Filling invalid ranges in sector buffer (flash cache) for sector @ 0x00013800 if necessary
T15620 2507:781.178    -- Filling invalid ranges in sector buffer (flash cache) for sector @ 0x00013900 if necessary
T15620 2507:781.189    -- Filling invalid ranges in sector buffer (flash cache) for sector @ 0x00013A00 if necessary
T15620 2507:781.199    -- Filling invalid ranges in sector buffer (flash cache) for sector @ 0x00013B00 if necessary
T15620 2507:781.288    -- Filling invalid ranges in sector buffer (flash cache) for sector @ 0x00013C00 if necessary
T15620 2507:781.299    -- Filling invalid ranges in sector buffer (flash cache) for sector @ 0x00013D00 if necessary
T15620 2507:781.310    -- Filling invalid ranges in sector buffer (flash cache) for sector @ 0x00013E00 if necessary
T15620 2507:781.321    -- Filling invalid ranges in sector buffer (flash cache) for sector @ 0x00013F00 if necessary
T15620 2507:781.331    -- Filling invalid ranges in sector buffer (flash cache) for sector @ 0x00014000 if necessary
T15620 2507:781.342    -- Filling invalid ranges in sector buffer (flash cache) for sector @ 0x00014100 if necessary
T15620 2507:781.353    -- Filling invalid ranges in sector buffer (flash cache) for sector @ 0x00014200 if necessary
T15620 2507:781.363    -- Filling invalid ranges in sector buffer (flash cache) for sector @ 0x00014300 if necessary
T15620 2507:781.374    -- Filling invalid ranges in sector buffer (flash cache) for sector @ 0x00014400 if necessary
T15620 2507:781.384    -- Filling invalid ranges in sector buffer (flash cache) for sector @ 0x00014500 if necessary
T15620 2507:781.396    -- Filling invalid ranges in sector buffer (flash cache) for sector @ 0x00014600 if necessary
T15620 2507:781.407    -- Filling invalid ranges in sector buffer (flash cache) for sector @ 0x00014700 if necessary
T15620 2507:781.424    -- Filling invalid ranges in sector buffer (flash cache) for sector @ 0x00014800 if necessary
T15620 2507:781.450    -- Filling invalid ranges in sector buffer (flash cache) for sector @ 0x00014900 if necessary
T15620 2507:781.462    -- Filling invalid ranges in sector buffer (flash cache) for sector @ 0x00014A00 if necessary
T15620 2507:781.473    -- Filling invalid ranges in sector buffer (flash cache) for sector @ 0x00014B00 if necessary
T15620 2507:781.484    -- Filling invalid ranges in sector buffer (flash cache) for sector @ 0x00014C00 if necessary
T15620 2507:781.495    -- Filling invalid ranges in sector buffer (flash cache) for sector @ 0x00014D00 if necessary
T15620 2507:781.506    -- Filling invalid ranges in sector buffer (flash cache) for sector @ 0x00014E00 if necessary
T15620 2507:781.517    -- Filling invalid ranges in sector buffer (flash cache) for sector @ 0x00014F00 if necessary
T15620 2507:781.529    -- Filling invalid ranges in sector buffer (flash cache) for sector @ 0x00015000 if necessary
T15620 2507:781.540    -- Filling invalid ranges in sector buffer (flash cache) for sector @ 0x00015100 if necessary
T15620 2507:781.551    -- Filling invalid ranges in sector buffer (flash cache) for sector @ 0x00015200 if necessary
T15620 2507:781.562    -- Filling invalid ranges in sector buffer (flash cache) for sector @ 0x00015300 if necessary
T15620 2507:781.573    -- Filling invalid ranges in sector buffer (flash cache) for sector @ 0x00015400 if necessary
T15620 2507:781.584    -- Filling invalid ranges in sector buffer (flash cache) for sector @ 0x00015500 if necessary
T15620 2507:781.594    -- Filling invalid ranges in sector buffer (flash cache) for sector @ 0x00015600 if necessary
T15620 2507:781.605    -- Filling invalid ranges in sector buffer (flash cache) for sector @ 0x00015700 if necessary
T15620 2507:781.617    -- Filling invalid ranges in sector buffer (flash cache) for sector @ 0x00015800 if necessary
T15620 2507:781.627    -- Filling invalid ranges in sector buffer (flash cache) for sector @ 0x00015900 if necessary
T15620 2507:781.638    -- Filling invalid ranges in sector buffer (flash cache) for sector @ 0x00015A00 if necessary
T15620 2507:781.649    -- Filling invalid ranges in sector buffer (flash cache) for sector @ 0x00015B00 if necessary
T15620 2507:781.659    -- Filling invalid ranges in sector buffer (flash cache) for sector @ 0x00015C00 if necessary
T15620 2507:781.671    -- Filling invalid ranges in sector buffer (flash cache) for sector @ 0x00015D00 if necessary
T15620 2507:781.682    -- Filling invalid ranges in sector buffer (flash cache) for sector @ 0x00015E00 if necessary
T15620 2507:781.731    -- Filling invalid ranges in sector buffer (flash cache) for sector @ 0x00015F00 if necessary
T15620 2507:781.742    -- Filling invalid ranges in sector buffer (flash cache) for sector @ 0x00016000 if necessary
T15620 2507:781.752    -- Filling invalid ranges in sector buffer (flash cache) for sector @ 0x00016100 if necessary
T15620 2507:781.762    -- Filling invalid ranges in sector buffer (flash cache) for sector @ 0x00016200 if necessary
T15620 2507:781.779    -- Filling invalid ranges in sector buffer (flash cache) for sector @ 0x00016300 if necessary
T15620 2507:781.790    -- Filling invalid ranges in sector buffer (flash cache) for sector @ 0x00016400 if necessary
T15620 2507:781.801    -- Filling invalid ranges in sector buffer (flash cache) for sector @ 0x00016500 if necessary
T15620 2507:781.811    -- Filling invalid ranges in sector buffer (flash cache) for sector @ 0x00016600 if necessary
T15620 2507:781.822    -- Filling invalid ranges in sector buffer (flash cache) for sector @ 0x00016700 if necessary
T15620 2507:781.835    -- Filling invalid ranges in sector buffer (flash cache) for sector @ 0x00016800 if necessary
T15620 2507:781.845    -- Filling invalid ranges in sector buffer (flash cache) for sector @ 0x00016900 if necessary
T15620 2507:781.855    -- Filling invalid ranges in sector buffer (flash cache) for sector @ 0x00016A00 if necessary
T15620 2507:781.866    -- Filling invalid ranges in sector buffer (flash cache) for sector @ 0x00016B00 if necessary
T15620 2507:781.877    -- Filling invalid ranges in sector buffer (flash cache) for sector @ 0x00016C00 if necessary
T15620 2507:781.888    -- Filling invalid ranges in sector buffer (flash cache) for sector @ 0x00016D00 if necessary
T15620 2507:781.898    -- Filling invalid ranges in sector buffer (flash cache) for sector @ 0x00016E00 if necessary
T15620 2507:781.909    -- Filling invalid ranges in sector buffer (flash cache) for sector @ 0x00016F00 if necessary
T15620 2507:781.919    -- Filling invalid ranges in sector buffer (flash cache) for sector @ 0x00017000 if necessary
T15620 2507:781.929    -- Filling invalid ranges in sector buffer (flash cache) for sector @ 0x00017100 if necessary
T15620 2507:781.940    -- Filling invalid ranges in sector buffer (flash cache) for sector @ 0x00017200 if necessary
T15620 2507:781.950    -- Filling invalid ranges in sector buffer (flash cache) for sector @ 0x00017300 if necessary
T15620 2507:781.961    -- Filling invalid ranges in sector buffer (flash cache) for sector @ 0x00017400 if necessary
T15620 2507:781.972    -- Filling invalid ranges in sector buffer (flash cache) for sector @ 0x00017500 if necessary
T15620 2507:781.983    -- Filling invalid ranges in sector buffer (flash cache) for sector @ 0x00017600 if necessary
T15620 2507:781.993    -- Filling invalid ranges in sector buffer (flash cache) for sector @ 0x00017700 if necessary
T15620 2507:782.004    -- Filling invalid ranges in sector buffer (flash cache) for sector @ 0x00017800 if necessary
T15620 2507:782.014    -- Filling invalid ranges in sector buffer (flash cache) for sector @ 0x00017900 if necessary
T15620 2507:782.025    -- Filling invalid ranges in sector buffer (flash cache) for sector @ 0x00017A00 if necessary
T15620 2507:782.036    -- Filling invalid ranges in sector buffer (flash cache) for sector @ 0x00017B00 if necessary
T15620 2507:782.048    -- Filling invalid ranges in sector buffer (flash cache) for sector @ 0x00017C00 if necessary
T15620 2507:782.060    -- Filling invalid ranges in sector buffer (flash cache) for sector @ 0x00017D00 if necessary
T15620 2507:782.070    -- Filling invalid ranges in sector buffer (flash cache) for sector @ 0x00017E00 if necessary
T15620 2507:782.082    -- Filling invalid ranges in sector buffer (flash cache) for sector @ 0x00017F00 if necessary
T15620 2507:782.094    -- Filling invalid ranges in sector buffer (flash cache) for sector @ 0x00018000 if necessary
T15620 2507:782.110    -- Filling invalid ranges in sector buffer (flash cache) for sector @ 0x00018100 if necessary
T15620 2507:782.121    -- Filling invalid ranges in sector buffer (flash cache) for sector @ 0x00018200 if necessary
T15620 2507:782.133    -- Filling invalid ranges in sector buffer (flash cache) for sector @ 0x00018300 if necessary
T15620 2507:782.144    -- Filling invalid ranges in sector buffer (flash cache) for sector @ 0x00018400 if necessary
T15620 2507:782.155    -- Filling invalid ranges in sector buffer (flash cache) for sector @ 0x00018500 if necessary
T15620 2507:782.167    -- Filling invalid ranges in sector buffer (flash cache) for sector @ 0x00018600 if necessary
T15620 2507:782.178    -- Filling invalid ranges in sector buffer (flash cache) for sector @ 0x00018700 if necessary
T15620 2507:782.189    -- Filling invalid ranges in sector buffer (flash cache) for sector @ 0x00018800 if necessary
T15620 2507:782.200    -- Filling invalid ranges in sector buffer (flash cache) for sector @ 0x00018900 if necessary
T15620 2507:782.213    -- Filling invalid ranges in sector buffer (flash cache) for sector @ 0x00018A00 if necessary
T15620 2507:782.226    -- Filling invalid ranges in sector buffer (flash cache) for sector @ 0x00018B00 if necessary
T15620 2507:782.238    -- Filling invalid ranges in sector buffer (flash cache) for sector @ 0x00018C00 if necessary
T15620 2507:782.250    -- Filling invalid ranges in sector buffer (flash cache) for sector @ 0x00018D00 if necessary
T15620 2507:782.262    -- Filling invalid ranges in sector buffer (flash cache) for sector @ 0x00018E00 if necessary
T15620 2507:782.274    -- Filling invalid ranges in sector buffer (flash cache) for sector @ 0x00018F00 if necessary
T15620 2507:782.287    -- Filling invalid ranges in sector buffer (flash cache) for sector @ 0x00019000 if necessary
T15620 2507:782.299    -- Filling invalid ranges in sector buffer (flash cache) for sector @ 0x00019100 if necessary
T15620 2507:782.311    -- Filling invalid ranges in sector buffer (flash cache) for sector @ 0x00019200 if necessary
T15620 2507:782.323    -- Filling invalid ranges in sector buffer (flash cache) for sector @ 0x00019300 if necessary
T15620 2507:782.335    -- Filling invalid ranges in sector buffer (flash cache) for sector @ 0x00019400 if necessary
T15620 2507:782.347    -- Filling invalid ranges in sector buffer (flash cache) for sector @ 0x00019500 if necessary
T15620 2507:782.358    -- Filling invalid ranges in sector buffer (flash cache) for sector @ 0x00019600 if necessary
T15620 2507:782.370    -- Filling invalid ranges in sector buffer (flash cache) for sector @ 0x00019700 if necessary
T15620 2507:782.381    -- Filling invalid ranges in sector buffer (flash cache) for sector @ 0x00019800 if necessary
T15620 2507:782.391    -- Filling invalid ranges in sector buffer (flash cache) for sector @ 0x00019900 if necessary
T15620 2507:782.413    -- Filling invalid ranges in sector buffer (flash cache) for sector @ 0x00019A00 if necessary
T15620 2507:782.424    -- Filling invalid ranges in sector buffer (flash cache) for sector @ 0x00019B00 if necessary
T15620 2507:782.435    -- Filling invalid ranges in sector buffer (flash cache) for sector @ 0x00019C00 if necessary
T15620 2507:782.446    -- Filling invalid ranges in sector buffer (flash cache) for sector @ 0x00019D00 if necessary
T15620 2507:782.457    -- Filling invalid ranges in sector buffer (flash cache) for sector @ 0x00019E00 if necessary
T15620 2507:782.468    -- Filling invalid ranges in sector buffer (flash cache) for sector @ 0x00019F00 if necessary
T15620 2507:782.478    -- Filling invalid ranges in sector buffer (flash cache) for sector @ 0x0001A000 if necessary
T15620 2507:782.489    -- Filling invalid ranges in sector buffer (flash cache) for sector @ 0x0001A100 if necessary
T15620 2507:782.499    -- Filling invalid ranges in sector buffer (flash cache) for sector @ 0x0001A200 if necessary
T15620 2507:782.509    -- Filling invalid ranges in sector buffer (flash cache) for sector @ 0x0001A300 if necessary
T15620 2507:782.521    -- Filling invalid ranges in sector buffer (flash cache) for sector @ 0x0001A400 if necessary
T15620 2507:782.530    -- Filling invalid ranges in sector buffer (flash cache) for sector @ 0x0001A500 if necessary
T15620 2507:782.540    -- Filling invalid ranges in sector buffer (flash cache) for sector @ 0x0001A600 if necessary
T15620 2507:782.550    -- Filling invalid ranges in sector buffer (flash cache) for sector @ 0x0001A700 if necessary
T15620 2507:782.560    -- Filling invalid ranges in sector buffer (flash cache) for sector @ 0x0001A800 if necessary
T15620 2507:782.576    -- Filling invalid ranges in sector buffer (flash cache) for sector @ 0x0001A900 if necessary
T15620 2507:782.586    -- Filling invalid ranges in sector buffer (flash cache) for sector @ 0x0001AA00 if necessary
T15620 2507:782.597    -- Filling invalid ranges in sector buffer (flash cache) for sector @ 0x0001AB00 if necessary
T15620 2507:782.608    -- Filling invalid ranges in sector buffer (flash cache) for sector @ 0x0001AC00 if necessary
T15620 2507:782.617    -- Filling invalid ranges in sector buffer (flash cache) for sector @ 0x0001AD00 if necessary
T15620 2507:782.627    -- Filling invalid ranges in sector buffer (flash cache) for sector @ 0x0001AE00 if necessary
T15620 2507:782.638    -- Filling invalid ranges in sector buffer (flash cache) for sector @ 0x0001AF00 if necessary
T15620 2507:782.649    -- Filling invalid ranges in sector buffer (flash cache) for sector @ 0x0001B000 if necessary
T15620 2507:782.659    -- Filling invalid ranges in sector buffer (flash cache) for sector @ 0x0001B100 if necessary
T15620 2507:782.670    -- Filling invalid ranges in sector buffer (flash cache) for sector @ 0x0001B200 if necessary
T15620 2507:782.681    -- Filling invalid ranges in sector buffer (flash cache) for sector @ 0x0001B300 if necessary
T15620 2507:782.690    -- Filling invalid ranges in sector buffer (flash cache) for sector @ 0x0001B400 if necessary
T15620 2507:782.700    -- Filling invalid ranges in sector buffer (flash cache) for sector @ 0x0001B500 if necessary
T15620 2507:782.710    -- Filling invalid ranges in sector buffer (flash cache) for sector @ 0x0001B600 if necessary
T15620 2507:782.719    -- Filling invalid ranges in sector buffer (flash cache) for sector @ 0x0001B700 if necessary
T15620 2507:782.729    -- Filling invalid ranges in sector buffer (flash cache) for sector @ 0x0001B800 if necessary
T15620 2507:782.739    -- Filling invalid ranges in sector buffer (flash cache) for sector @ 0x0001B900 if necessary
T15620 2507:782.748    -- Filling invalid ranges in sector buffer (flash cache) for sector @ 0x0001BA00 if necessary
T15620 2507:782.759    -- Filling invalid ranges in sector buffer (flash cache) for sector @ 0x0001BB00 if necessary
T15620 2507:782.768    -- Filling invalid ranges in sector buffer (flash cache) for sector @ 0x0001BC00 if necessary
T15620 2507:782.779    -- Filling invalid ranges in sector buffer (flash cache) for sector @ 0x0001BD00 if necessary
T15620 2507:782.790    -- Filling invalid ranges in sector buffer (flash cache) for sector @ 0x0001BE00 if necessary
T15620 2507:782.801    -- Filling invalid ranges in sector buffer (flash cache) for sector @ 0x0001BF00 if necessary
T15620 2507:782.812    -- Filling invalid ranges in sector buffer (flash cache) for sector @ 0x0001C000 if necessary
T15620 2507:782.824    -- Filling invalid ranges in sector buffer (flash cache) for sector @ 0x0001C100 if necessary
T15620 2507:782.835    -- Filling invalid ranges in sector buffer (flash cache) for sector @ 0x0001C200 if necessary
T15620 2507:782.845    -- Filling invalid ranges in sector buffer (flash cache) for sector @ 0x0001C300 if necessary
T15620 2507:782.855    -- Filling invalid ranges in sector buffer (flash cache) for sector @ 0x0001C400 if necessary
T15620 2507:782.865    -- Filling invalid ranges in sector buffer (flash cache) for sector @ 0x0001C500 if necessary
T15620 2507:782.876    -- Filling invalid ranges in sector buffer (flash cache) for sector @ 0x0001C600 if necessary
T15620 2507:782.890    -- Filling invalid ranges in sector buffer (flash cache) for sector @ 0x0001C700 if necessary
T15620 2507:782.900    -- Filling invalid ranges in sector buffer (flash cache) for sector @ 0x0001C800 if necessary
T15620 2507:782.910    -- Filling invalid ranges in sector buffer (flash cache) for sector @ 0x0001C900 if necessary
T15620 2507:782.922    -- Filling invalid ranges in sector buffer (flash cache) for sector @ 0x0001CA00 if necessary
T15620 2507:782.933    -- Filling invalid ranges in sector buffer (flash cache) for sector @ 0x0001CB00 if necessary
T15620 2507:782.943    -- Filling invalid ranges in sector buffer (flash cache) for sector @ 0x0001CC00 if necessary
T15620 2507:782.954    -- Filling invalid ranges in sector buffer (flash cache) for sector @ 0x0001CD00 if necessary
T15620 2507:782.965    -- Filling invalid ranges in sector buffer (flash cache) for sector @ 0x0001CE00 if necessary
T15620 2507:782.978    -- Filling invalid ranges in sector buffer (flash cache) for sector @ 0x0001CF00 if necessary
T15620 2507:782.989    -- Filling invalid ranges in sector buffer (flash cache) for sector @ 0x0001D000 if necessary
T15620 2507:782.999    -- Filling invalid ranges in sector buffer (flash cache) for sector @ 0x0001D100 if necessary
T15620 2507:783.010    -- Filling invalid ranges in sector buffer (flash cache) for sector @ 0x0001D200 if necessary
T15620 2507:783.020    -- Filling invalid ranges in sector buffer (flash cache) for sector @ 0x0001D300 if necessary
T15620 2507:783.032    -- Filling invalid ranges in sector buffer (flash cache) for sector @ 0x0001D400 if necessary
T15620 2507:783.043    -- Filling invalid ranges in sector buffer (flash cache) for sector @ 0x0001D500 if necessary
T15620 2507:783.059    -- Filling invalid ranges in sector buffer (flash cache) for sector @ 0x0001D600 if necessary
T15620 2507:783.071    -- Filling invalid ranges in sector buffer (flash cache) for sector @ 0x0001D700 if necessary
T15620 2507:783.084    -- Filling invalid ranges in sector buffer (flash cache) for sector @ 0x0001D800 if necessary
T15620 2507:783.097    -- Filling invalid ranges in sector buffer (flash cache) for sector @ 0x0001D900 if necessary
T15620 2507:783.110    -- Filling invalid ranges in sector buffer (flash cache) for sector @ 0x0001DA00 if necessary
T15620 2507:783.123    -- Filling invalid ranges in sector buffer (flash cache) for sector @ 0x0001DB00 if necessary
T15620 2507:783.135    -- Filling invalid ranges in sector buffer (flash cache) for sector @ 0x0001DC00 if necessary
T15620 2507:783.147    -- Filling invalid ranges in sector buffer (flash cache) for sector @ 0x0001DD00 if necessary
T15620 2507:783.157    -- Filling invalid ranges in sector buffer (flash cache) for sector @ 0x0001DE00 if necessary
T15620 2507:783.167    -- Filling invalid ranges in sector buffer (flash cache) for sector @ 0x0001DF00 if necessary
T15620 2507:783.177    -- Filling invalid ranges in sector buffer (flash cache) for sector @ 0x0001E000 if necessary
T15620 2507:783.186    -- Filling invalid ranges in sector buffer (flash cache) for sector @ 0x0001E100 if necessary
T15620 2507:783.196    -- Filling invalid ranges in sector buffer (flash cache) for sector @ 0x0001E200 if necessary
T15620 2507:783.206    -- Filling invalid ranges in sector buffer (flash cache) for sector @ 0x0001E300 if necessary
T15620 2507:783.216    -- Filling invalid ranges in sector buffer (flash cache) for sector @ 0x0001E400 if necessary
T15620 2507:783.226    -- Filling invalid ranges in sector buffer (flash cache) for sector @ 0x0001E500 if necessary
T15620 2507:783.235    -- Filling invalid ranges in sector buffer (flash cache) for sector @ 0x0001E600 if necessary
T15620 2507:783.245    -- Filling invalid ranges in sector buffer (flash cache) for sector @ 0x0001E700 if necessary
T15620 2507:783.256    -- Filling invalid ranges in sector buffer (flash cache) for sector @ 0x0001E800 if necessary
T15620 2507:783.269    -- Filling invalid ranges in sector buffer (flash cache) for sector @ 0x0001E900 if necessary
T15620 2507:783.278    -- Filling invalid ranges in sector buffer (flash cache) for sector @ 0x0001EA00 if necessary
T15620 2507:783.297    -- Filling invalid ranges in sector buffer (flash cache) for sector @ 0x0001EB00 if necessary
T15620 2507:783.307    -- Filling invalid ranges in sector buffer (flash cache) for sector @ 0x0001EC00 if necessary
T15620 2507:783.317    -- Filling invalid ranges in sector buffer (flash cache) for sector @ 0x0001ED00 if necessary
T15620 2507:783.328    -- Filling invalid ranges in sector buffer (flash cache) for sector @ 0x0001EE00 if necessary
T15620 2507:783.337    -- Filling invalid ranges in sector buffer (flash cache) for sector @ 0x0001EF00 if necessary
T15620 2507:783.347    -- Filling invalid ranges in sector buffer (flash cache) for sector @ 0x0001F000 if necessary
T15620 2507:783.356    -- Filling invalid ranges in sector buffer (flash cache) for sector @ 0x0001F100 if necessary
T15620 2507:783.366    -- Filling invalid ranges in sector buffer (flash cache) for sector @ 0x0001F200 if necessary
T15620 2507:783.376    -- Filling invalid ranges in sector buffer (flash cache) for sector @ 0x0001F300 if necessary
T15620 2507:783.387    -- Filling invalid ranges in sector buffer (flash cache) for sector @ 0x0001F400 if necessary
T15620 2507:783.404    -- Filling invalid ranges in sector buffer (flash cache) for sector @ 0x0001F500 if necessary
T15620 2507:783.415    -- Filling invalid ranges in sector buffer (flash cache) for sector @ 0x0001F600 if necessary
T15620 2507:783.425    -- Filling invalid ranges in sector buffer (flash cache) for sector @ 0x0001F700 if necessary
T15620 2507:783.434    -- Filling invalid ranges in sector buffer (flash cache) for sector @ 0x0001F800 if necessary
T15620 2507:783.445    -- Filling invalid ranges in sector buffer (flash cache) for sector @ 0x0001F900 if necessary
T15620 2507:783.455    -- Filling invalid ranges in sector buffer (flash cache) for sector @ 0x0001FA00 if necessary
T15620 2507:783.465    -- Filling invalid ranges in sector buffer (flash cache) for sector @ 0x0001FB00 if necessary
T15620 2507:783.474    -- Filling invalid ranges in sector buffer (flash cache) for sector @ 0x0001FC00 if necessary
T15620 2507:783.484    -- Filling invalid ranges in sector buffer (flash cache) for sector @ 0x0001FD00 if necessary
T15620 2507:783.494    -- Filling invalid ranges in sector buffer (flash cache) for sector @ 0x0001FE00 if necessary
T15620 2507:783.504    -- Filling invalid ranges in sector buffer (flash cache) for sector @ 0x0001FF00 if necessary
T15620 2507:783.515    -- Filling invalid ranges in sector buffer (flash cache) for sector @ 0x00020000 if necessary
T15620 2507:783.525    -- Filling invalid ranges in sector buffer (flash cache) for sector @ 0x00020100 if necessary
T15620 2507:783.535    -- Filling invalid ranges in sector buffer (flash cache) for sector @ 0x00020200 if necessary
T15620 2507:783.544    -- Filling invalid ranges in sector buffer (flash cache) for sector @ 0x00020300 if necessary
T15620 2507:783.554    -- Filling invalid ranges in sector buffer (flash cache) for sector @ 0x00020400 if necessary
T15620 2507:783.563    -- Filling invalid ranges in sector buffer (flash cache) for sector @ 0x00020500 if necessary
T15620 2507:783.573    -- Filling invalid ranges in sector buffer (flash cache) for sector @ 0x00020600 if necessary
T15620 2507:783.583    -- Filling invalid ranges in sector buffer (flash cache) for sector @ 0x00020700 if necessary
T15620 2507:783.593    -- Filling invalid ranges in sector buffer (flash cache) for sector @ 0x00020800 if necessary
T15620 2507:783.604    -- Filling invalid ranges in sector buffer (flash cache) for sector @ 0x00020900 if necessary
T15620 2507:783.613    -- Filling invalid ranges in sector buffer (flash cache) for sector @ 0x00020A00 if necessary
T15620 2507:783.624    -- Filling invalid ranges in sector buffer (flash cache) for sector @ 0x00020B00 if necessary
T15620 2507:783.697    -- Filling invalid ranges in sector buffer (flash cache) for sector @ 0x00020C00 if necessary
T15620 2507:783.709    -- Filling invalid ranges in sector buffer (flash cache) for sector @ 0x00020D00 if necessary
T15620 2507:783.719    -- Filling invalid ranges in sector buffer (flash cache) for sector @ 0x00020E00 if necessary
T15620 2507:783.730    -- Filling invalid ranges in sector buffer (flash cache) for sector @ 0x00020F00 if necessary
T15620 2507:783.740    -- Filling invalid ranges in sector buffer (flash cache) for sector @ 0x00021000 if necessary
T15620 2507:783.751    -- Filling invalid ranges in sector buffer (flash cache) for sector @ 0x00021100 if necessary
T15620 2507:783.761    -- Filling invalid ranges in sector buffer (flash cache) for sector @ 0x00021200 if necessary
T15620 2507:783.771    -- Filling invalid ranges in sector buffer (flash cache) for sector @ 0x00021300 if necessary
T15620 2507:783.782    -- Filling invalid ranges in sector buffer (flash cache) for sector @ 0x00021400 if necessary
T15620 2507:783.793    -- Filling invalid ranges in sector buffer (flash cache) for sector @ 0x00021500 if necessary
T15620 2507:783.804    -- Filling invalid ranges in sector buffer (flash cache) for sector @ 0x00021600 if necessary
T15620 2507:783.814    -- Filling invalid ranges in sector buffer (flash cache) for sector @ 0x00021700 if necessary
T15620 2507:783.824    -- Filling invalid ranges in sector buffer (flash cache) for sector @ 0x00021800 if necessary
T15620 2507:783.834    -- Filling invalid ranges in sector buffer (flash cache) for sector @ 0x00021900 if necessary
T15620 2507:783.844    -- Filling invalid ranges in sector buffer (flash cache) for sector @ 0x00021A00 if necessary
T15620 2507:783.854    -- Filling invalid ranges in sector buffer (flash cache) for sector @ 0x00021B00 if necessary
T15620 2507:783.863    -- Filling invalid ranges in sector buffer (flash cache) for sector @ 0x00021C00 if necessary
T15620 2507:783.872    -- Filling invalid ranges in sector buffer (flash cache) for sector @ 0x00021D00 if necessary
T15620 2507:783.882    -- Filling invalid ranges in sector buffer (flash cache) for sector @ 0x00021E00 if necessary
T15620 2507:783.893    -- Filling invalid ranges in sector buffer (flash cache) for sector @ 0x00021F00 if necessary
T15620 2507:783.902    -- Filling invalid ranges in sector buffer (flash cache) for sector @ 0x00022000 if necessary
T15620 2507:783.912    -- Filling invalid ranges in sector buffer (flash cache) for sector @ 0x00022100 if necessary
T15620 2507:783.921    -- Filling invalid ranges in sector buffer (flash cache) for sector @ 0x00022200 if necessary
T15620 2507:783.931    -- Filling invalid ranges in sector buffer (flash cache) for sector @ 0x00022300 if necessary
T15620 2507:783.941    -- Filling invalid ranges in sector buffer (flash cache) for sector @ 0x00022400 if necessary
T15620 2507:783.951    -- Filling invalid ranges in sector buffer (flash cache) for sector @ 0x00022500 if necessary
T15620 2507:783.960    -- Filling invalid ranges in sector buffer (flash cache) for sector @ 0x00022600 if necessary
T15620 2507:783.970    -- Filling invalid ranges in sector buffer (flash cache) for sector @ 0x00022700 if necessary
T15620 2507:783.979    -- Filling invalid ranges in sector buffer (flash cache) for sector @ 0x00022800 if necessary
T15620 2507:783.988    -- Filling invalid ranges in sector buffer (flash cache) for sector @ 0x00022900 if necessary
T15620 2507:783.998    -- Filling invalid ranges in sector buffer (flash cache) for sector @ 0x00022A00 if necessary
T15620 2507:784.007    -- Filling invalid ranges in sector buffer (flash cache) for sector @ 0x00022B00 if necessary
T15620 2507:784.017    -- Filling invalid ranges in sector buffer (flash cache) for sector @ 0x00022C00 if necessary
T15620 2507:784.027    -- Filling invalid ranges in sector buffer (flash cache) for sector @ 0x00022D00 if necessary
T15620 2507:784.037    -- Filling invalid ranges in sector buffer (flash cache) for sector @ 0x00022E00 if necessary
T15620 2507:784.051    -- Filling invalid ranges in sector buffer (flash cache) for sector @ 0x00022F00 if necessary
T15620 2507:784.060    -- Filling invalid ranges in sector buffer (flash cache) for sector @ 0x00023000 if necessary
T15620 2507:784.070    -- Filling invalid ranges in sector buffer (flash cache) for sector @ 0x00023100 if necessary
T15620 2507:784.080    -- Filling invalid ranges in sector buffer (flash cache) for sector @ 0x00023200 if necessary
T15620 2507:784.090    -- Filling invalid ranges in sector buffer (flash cache) for sector @ 0x00023300 if necessary
T15620 2507:784.099    -- Filling invalid ranges in sector buffer (flash cache) for sector @ 0x00023400 if necessary
T15620 2507:784.109    -- Filling invalid ranges in sector buffer (flash cache) for sector @ 0x00023500 if necessary
T15620 2507:784.119    -- Filling invalid ranges in sector buffer (flash cache) for sector @ 0x00023600 if necessary
T15620 2507:784.129    -- Filling invalid ranges in sector buffer (flash cache) for sector @ 0x00023700 if necessary
T15620 2507:784.139    -- Filling invalid ranges in sector buffer (flash cache) for sector @ 0x00023800 if necessary
T15620 2507:784.149    -- Filling invalid ranges in sector buffer (flash cache) for sector @ 0x00023900 if necessary
T15620 2507:784.160    -- Filling invalid ranges in sector buffer (flash cache) for sector @ 0x00023A00 if necessary
T15620 2507:784.171    -- Filling invalid ranges in sector buffer (flash cache) for sector @ 0x00023B00 if necessary
T15620 2507:784.193    -- Filling invalid ranges in sector buffer (flash cache) for sector @ 0x00023C00 if necessary
T15620 2507:784.204    -- Filling invalid ranges in sector buffer (flash cache) for sector @ 0x00023D00 if necessary
T15620 2507:784.214    -- Filling invalid ranges in sector buffer (flash cache) for sector @ 0x00023E00 if necessary
T15620 2507:784.224    -- Filling invalid ranges in sector buffer (flash cache) for sector @ 0x00023F00 if necessary
T15620 2507:784.234    -- Filling invalid ranges in sector buffer (flash cache) for sector @ 0x00024000 if necessary
T15620 2507:784.245    -- Filling invalid ranges in sector buffer (flash cache) for sector @ 0x00024100 if necessary
T15620 2507:784.256    -- Filling invalid ranges in sector buffer (flash cache) for sector @ 0x00024200 if necessary
T15620 2507:784.266    -- Filling invalid ranges in sector buffer (flash cache) for sector @ 0x00024300 if necessary
T15620 2507:784.278    -- Filling invalid ranges in sector buffer (flash cache) for sector @ 0x00024400 if necessary
T15620 2507:784.288    -- Filling invalid ranges in sector buffer (flash cache) for sector @ 0x00024500 if necessary
T15620 2507:784.298    -- Filling invalid ranges in sector buffer (flash cache) for sector @ 0x00024600 if necessary
T15620 2507:784.309    -- Filling invalid ranges in sector buffer (flash cache) for sector @ 0x00024700 if necessary
T15620 2507:784.318    -- Filling invalid ranges in sector buffer (flash cache) for sector @ 0x00024800 if necessary
T15620 2507:784.328    -- Filling invalid ranges in sector buffer (flash cache) for sector @ 0x00024900 if necessary
T15620 2507:784.340    -- Filling invalid ranges in sector buffer (flash cache) for sector @ 0x00024A00 if necessary
T15620 2507:784.349    -- Filling invalid ranges in sector buffer (flash cache) for sector @ 0x00024B00 if necessary
T15620 2507:784.369    -- Filling invalid ranges in sector buffer (flash cache) for sector @ 0x00024C00 if necessary
T15620 2507:784.381    -- Filling invalid ranges in sector buffer (flash cache) for sector @ 0x00024D00 if necessary
T15620 2507:784.392    -- Filling invalid ranges in sector buffer (flash cache) for sector @ 0x00024E00 if necessary
T15620 2507:784.402    -- Filling invalid ranges in sector buffer (flash cache) for sector @ 0x00024F00 if necessary
T15620 2507:784.414    -- Filling invalid ranges in sector buffer (flash cache) for sector @ 0x00025000 if necessary
T15620 2507:784.425    -- Filling invalid ranges in sector buffer (flash cache) for sector @ 0x00025100 if necessary
T15620 2507:784.442    -- Filling invalid ranges in sector buffer (flash cache) for sector @ 0x00025200 if necessary
T15620 2507:784.454    -- Filling invalid ranges in sector buffer (flash cache) for sector @ 0x00025300 if necessary
T15620 2507:784.464    -- Filling invalid ranges in sector buffer (flash cache) for sector @ 0x00025400 if necessary
T15620 2507:784.475    -- Filling invalid ranges in sector buffer (flash cache) for sector @ 0x00025500 if necessary
T15620 2507:784.485    -- Filling invalid ranges in sector buffer (flash cache) for sector @ 0x00025600 if necessary
T15620 2507:784.496    -- Filling invalid ranges in sector buffer (flash cache) for sector @ 0x00025700 if necessary
T15620 2507:784.506    -- Filling invalid ranges in sector buffer (flash cache) for sector @ 0x00025800 if necessary
T15620 2507:784.519    -- Filling invalid ranges in sector buffer (flash cache) for sector @ 0x00025900 if necessary
T15620 2507:784.529    -- Filling invalid ranges in sector buffer (flash cache) for sector @ 0x00025A00 if necessary
T15620 2507:784.540    -- Filling invalid ranges in sector buffer (flash cache) for sector @ 0x00025B00 if necessary
T15620 2507:784.549    -- Filling invalid ranges in sector buffer (flash cache) for sector @ 0x00025C00 if necessary
T15620 2507:784.558    -- Filling invalid ranges in sector buffer (flash cache) for sector @ 0x00025D00 if necessary
T15620 2507:784.568    -- Filling invalid ranges in sector buffer (flash cache) for sector @ 0x00025E00 if necessary
T15620 2507:784.577    -- Filling invalid ranges in sector buffer (flash cache) for sector @ 0x00025F00 if necessary
T15620 2507:784.586    -- Filling invalid ranges in sector buffer (flash cache) for sector @ 0x00026000 if necessary
T15620 2507:784.596    -- Filling invalid ranges in sector buffer (flash cache) for sector @ 0x00026100 if necessary
T15620 2507:784.606    -- Filling invalid ranges in sector buffer (flash cache) for sector @ 0x00026200 if necessary
T15620 2507:784.615    -- Filling invalid ranges in sector buffer (flash cache) for sector @ 0x00026300 if necessary
T15620 2507:784.626    -- Filling invalid ranges in sector buffer (flash cache) for sector @ 0x00026400 if necessary
T15620 2507:784.635    -- Filling invalid ranges in sector buffer (flash cache) for sector @ 0x00026500 if necessary
T15620 2507:784.646    -- Filling invalid ranges in sector buffer (flash cache) for sector @ 0x00026600 if necessary
T15620 2507:784.656    -- Filling invalid ranges in sector buffer (flash cache) for sector @ 0x00026700 if necessary
T15620 2507:784.666    -- Filling invalid ranges in sector buffer (flash cache) for sector @ 0x00026800 if necessary
T15620 2507:784.677    -- Filling invalid ranges in sector buffer (flash cache) for sector @ 0x00026900 if necessary
T15620 2507:784.687    -- Filling invalid ranges in sector buffer (flash cache) for sector @ 0x00026A00 if necessary
T15620 2507:784.697    -- Filling invalid ranges in sector buffer (flash cache) for sector @ 0x00026B00 if necessary
T15620 2507:784.707    -- Filling invalid ranges in sector buffer (flash cache) for sector @ 0x00026C00 if necessary
T15620 2507:784.717    -- Filling invalid ranges in sector buffer (flash cache) for sector @ 0x00026D00 if necessary
T15620 2507:784.727    -- Filling invalid ranges in sector buffer (flash cache) for sector @ 0x00026E00 if necessary
T15620 2507:784.736    -- Filling invalid ranges in sector buffer (flash cache) for sector @ 0x00026F00 if necessary
T15620 2507:784.746    -- Filling invalid ranges in sector buffer (flash cache) for sector @ 0x00027000 if necessary
T15620 2507:784.757    -- Filling invalid ranges in sector buffer (flash cache) for sector @ 0x00027100 if necessary
T15620 2507:784.768    -- Filling invalid ranges in sector buffer (flash cache) for sector @ 0x00027200 if necessary
T15620 2507:784.779    -- Filling invalid ranges in sector buffer (flash cache) for sector @ 0x00027300 if necessary
T15620 2507:784.792    -- Filling invalid ranges in sector buffer (flash cache) for sector @ 0x00027400 if necessary
T15620 2507:784.802    -- Filling invalid ranges in sector buffer (flash cache) for sector @ 0x00027500 if necessary
T15620 2507:784.812    -- Filling invalid ranges in sector buffer (flash cache) for sector @ 0x00027600 if necessary
T15620 2507:784.823    -- Filling invalid ranges in sector buffer (flash cache) for sector @ 0x00027700 if necessary
T15620 2507:784.833    -- Filling invalid ranges in sector buffer (flash cache) for sector @ 0x00027800 if necessary
T15620 2507:784.843    -- Filling invalid ranges in sector buffer (flash cache) for sector @ 0x00027900 if necessary
T15620 2507:784.854    -- Filling invalid ranges in sector buffer (flash cache) for sector @ 0x00027A00 if necessary
T15620 2507:784.865    -- Filling invalid ranges in sector buffer (flash cache) for sector @ 0x00027B00 if necessary
T15620 2507:784.875    -- Filling invalid ranges in sector buffer (flash cache) for sector @ 0x00027C00 if necessary
T15620 2507:784.884    -- Filling invalid ranges in sector buffer (flash cache) for sector @ 0x00027D00 if necessary
T15620 2507:784.894    -- Filling invalid ranges in sector buffer (flash cache) for sector @ 0x00027E00 if necessary
T15620 2507:784.903    -- Filling invalid ranges in sector buffer (flash cache) for sector @ 0x00027F00 if necessary
T15620 2507:784.913    -- Filling invalid ranges in sector buffer (flash cache) for sector @ 0x00028000 if necessary
T15620 2507:784.922    -- Filling invalid ranges in sector buffer (flash cache) for sector @ 0x00028100 if necessary
T15620 2507:784.931    -- Filling invalid ranges in sector buffer (flash cache) for sector @ 0x00028200 if necessary
T15620 2507:784.941    -- Filling invalid ranges in sector buffer (flash cache) for sector @ 0x00028300 if necessary
T15620 2507:784.951    -- Filling invalid ranges in sector buffer (flash cache) for sector @ 0x00028400 if necessary
T15620 2507:784.960    -- Filling invalid ranges in sector buffer (flash cache) for sector @ 0x00028500 if necessary
T15620 2507:784.970    -- Filling invalid ranges in sector buffer (flash cache) for sector @ 0x00028600 if necessary
T15620 2507:784.980    -- Filling invalid ranges in sector buffer (flash cache) for sector @ 0x00028700 if necessary
T15620 2507:784.989    -- Filling invalid ranges in sector buffer (flash cache) for sector @ 0x00028800 if necessary
T15620 2507:784.999    -- Filling invalid ranges in sector buffer (flash cache) for sector @ 0x00028900 if necessary
T15620 2507:785.008    -- Filling invalid ranges in sector buffer (flash cache) for sector @ 0x00028A00 if necessary
T15620 2507:785.018    -- Filling invalid ranges in sector buffer (flash cache) for sector @ 0x00028B00 if necessary
T15620 2507:785.028    -- Filling invalid ranges in sector buffer (flash cache) for sector @ 0x00028C00 if necessary
T15620 2507:785.046    -- Filling invalid ranges in sector buffer (flash cache) for sector @ 0x00028D00 if necessary
T15620 2507:785.056    -- Filling invalid ranges in sector buffer (flash cache) for sector @ 0x00028E00 if necessary
T15620 2507:785.065    -- Filling invalid ranges in sector buffer (flash cache) for sector @ 0x00028F00 if necessary
T15620 2507:785.075    -- Filling invalid ranges in sector buffer (flash cache) for sector @ 0x00029000 if necessary
T15620 2507:785.085    -- Filling invalid ranges in sector buffer (flash cache) for sector @ 0x00029100 if necessary
T15620 2507:785.094    -- Filling invalid ranges in sector buffer (flash cache) for sector @ 0x00029200 if necessary
T15620 2507:785.103    -- Filling invalid ranges in sector buffer (flash cache) for sector @ 0x00029300 if necessary
T15620 2507:785.113    -- Filling invalid ranges in sector buffer (flash cache) for sector @ 0x00029400 if necessary
T15620 2507:785.122    -- Filling invalid ranges in sector buffer (flash cache) for sector @ 0x00029500 if necessary
T15620 2507:785.132    -- Filling invalid ranges in sector buffer (flash cache) for sector @ 0x00029600 if necessary
T15620 2507:785.143    -- Filling invalid ranges in sector buffer (flash cache) for sector @ 0x00029700 if necessary
T15620 2507:785.152    -- Filling invalid ranges in sector buffer (flash cache) for sector @ 0x00029800 if necessary
T15620 2507:785.161    -- Filling invalid ranges in sector buffer (flash cache) for sector @ 0x00029900 if necessary
T15620 2507:785.170    -- Filling invalid ranges in sector buffer (flash cache) for sector @ 0x00029A00 if necessary
T15620 2507:785.180    -- Filling invalid ranges in sector buffer (flash cache) for sector @ 0x00029B00 if necessary
T15620 2507:785.189    -- Filling invalid ranges in sector buffer (flash cache) for sector @ 0x00029C00 if necessary
T15620 2507:785.198    -- Filling invalid ranges in sector buffer (flash cache) for sector @ 0x00029D00 if necessary
T15620 2507:785.208    -- Filling invalid ranges in sector buffer (flash cache) for sector @ 0x00029E00 if necessary
T15620 2507:785.217    -- Filling invalid ranges in sector buffer (flash cache) for sector @ 0x00029F00 if necessary
T15620 2507:785.226    -- Filling invalid ranges in sector buffer (flash cache) for sector @ 0x0002A000 if necessary
T15620 2507:785.236    -- Filling invalid ranges in sector buffer (flash cache) for sector @ 0x0002A100 if necessary
T15620 2507:785.245    -- Filling invalid ranges in sector buffer (flash cache) for sector @ 0x0002A200 if necessary
T15620 2507:785.255    -- Filling invalid ranges in sector buffer (flash cache) for sector @ 0x0002A300 if necessary
T15620 2507:785.264    -- Filling invalid ranges in sector buffer (flash cache) for sector @ 0x0002A400 if necessary
T15620 2507:785.274    -- Filling invalid ranges in sector buffer (flash cache) for sector @ 0x0002A500 if necessary
T15620 2507:785.284    -- Filling invalid ranges in sector buffer (flash cache) for sector @ 0x0002A600 if necessary
T15620 2507:785.293    -- Filling invalid ranges in sector buffer (flash cache) for sector @ 0x0002A700 if necessary
T15620 2507:785.303    -- Filling invalid ranges in sector buffer (flash cache) for sector @ 0x0002A800 if necessary
T15620 2507:785.313    -- Filling invalid ranges in sector buffer (flash cache) for sector @ 0x0002A900 if necessary
T15620 2507:785.322    -- Filling invalid ranges in sector buffer (flash cache) for sector @ 0x0002AA00 if necessary
T15620 2507:785.332    -- Filling invalid ranges in sector buffer (flash cache) for sector @ 0x0002AB00 if necessary
T15620 2507:785.341    -- Filling invalid ranges in sector buffer (flash cache) for sector @ 0x0002AC00 if necessary
T15620 2507:785.351    -- Filling invalid ranges in sector buffer (flash cache) for sector @ 0x0002AD00 if necessary
T15620 2507:785.361    -- Filling invalid ranges in sector buffer (flash cache) for sector @ 0x0002AE00 if necessary
T15620 2507:785.370    -- Filling invalid ranges in sector buffer (flash cache) for sector @ 0x0002AF00 if necessary
T15620 2507:785.379    -- Filling invalid ranges in sector buffer (flash cache) for sector @ 0x0002B000 if necessary
T15620 2507:785.389    -- Filling invalid ranges in sector buffer (flash cache) for sector @ 0x0002B100 if necessary
T15620 2507:785.398    -- Filling invalid ranges in sector buffer (flash cache) for sector @ 0x0002B200 if necessary
T15620 2507:785.408    -- Filling invalid ranges in sector buffer (flash cache) for sector @ 0x0002B300 if necessary
T15620 2507:785.417    -- Filling invalid ranges in sector buffer (flash cache) for sector @ 0x0002B400 if necessary
T15620 2507:785.426    -- Filling invalid ranges in sector buffer (flash cache) for sector @ 0x0002B500 if necessary
T15620 2507:785.436    -- Filling invalid ranges in sector buffer (flash cache) for sector @ 0x0002B600 if necessary
T15620 2507:785.445    -- Filling invalid ranges in sector buffer (flash cache) for sector @ 0x0002B700 if necessary
T15620 2507:785.456    -- Filling invalid ranges in sector buffer (flash cache) for sector @ 0x0002B800 if necessary
T15620 2507:785.465    -- Filling invalid ranges in sector buffer (flash cache) for sector @ 0x0002B900 if necessary
T15620 2507:785.476    -- Filling invalid ranges in sector buffer (flash cache) for sector @ 0x0002BA00 if necessary
T15620 2507:785.486    -- Filling invalid ranges in sector buffer (flash cache) for sector @ 0x0002BB00 if necessary
T15620 2507:785.495    -- Filling invalid ranges in sector buffer (flash cache) for sector @ 0x0002BC00 if necessary
T15620 2507:785.504    -- Filling invalid ranges in sector buffer (flash cache) for sector @ 0x0002BD00 if necessary
T15620 2507:785.514    -- Filling invalid ranges in sector buffer (flash cache) for sector @ 0x0002BE00 if necessary
T15620 2507:785.523    -- Filling invalid ranges in sector buffer (flash cache) for sector @ 0x0002BF00 if necessary
T15620 2507:785.532    -- Filling invalid ranges in sector buffer (flash cache) for sector @ 0x0002C000 if necessary
T15620 2507:785.542    -- Filling invalid ranges in sector buffer (flash cache) for sector @ 0x0002C100 if necessary
T15620 2507:785.552    -- Filling invalid ranges in sector buffer (flash cache) for sector @ 0x0002C200 if necessary
T15620 2507:785.561    -- Filling invalid ranges in sector buffer (flash cache) for sector @ 0x0002C300 if necessary
T15620 2507:785.570    -- Filling invalid ranges in sector buffer (flash cache) for sector @ 0x0002C400 if necessary
T15620 2507:785.583    -- Filling invalid ranges in sector buffer (flash cache) for sector @ 0x0002C500 if necessary
T15620 2507:785.593    -- Filling invalid ranges in sector buffer (flash cache) for sector @ 0x0002C600 if necessary
T15620 2507:785.602    -- Filling invalid ranges in sector buffer (flash cache) for sector @ 0x0002C700 if necessary
T15620 2507:785.611    -- Filling invalid ranges in sector buffer (flash cache) for sector @ 0x0002C800 if necessary
T15620 2507:785.622    -- Filling invalid ranges in sector buffer (flash cache) for sector @ 0x0002C900 if necessary
T15620 2507:785.631    -- Filling invalid ranges in sector buffer (flash cache) for sector @ 0x0002CA00 if necessary
T15620 2507:785.641    -- Filling invalid ranges in sector buffer (flash cache) for sector @ 0x0002CB00 if necessary
T15620 2507:785.650    -- Filling invalid ranges in sector buffer (flash cache) for sector @ 0x0002CC00 if necessary
T15620 2507:785.659    -- Filling invalid ranges in sector buffer (flash cache) for sector @ 0x0002CD00 if necessary
T15620 2507:785.669    -- Filling invalid ranges in sector buffer (flash cache) for sector @ 0x0002CE00 if necessary
T15620 2507:785.678    -- Filling invalid ranges in sector buffer (flash cache) for sector @ 0x0002CF00 if necessary
T15620 2507:785.687    -- Filling invalid ranges in sector buffer (flash cache) for sector @ 0x0002D000 if necessary
T15620 2507:785.697    -- Filling invalid ranges in sector buffer (flash cache) for sector @ 0x0002D100 if necessary
T15620 2507:785.707    -- Filling invalid ranges in sector buffer (flash cache) for sector @ 0x0002D200 if necessary
T15620 2507:785.716    -- Filling invalid ranges in sector buffer (flash cache) for sector @ 0x0002D300 if necessary
T15620 2507:785.726    -- Filling invalid ranges in sector buffer (flash cache) for sector @ 0x0002D400 if necessary
T15620 2507:785.735    -- Filling invalid ranges in sector buffer (flash cache) for sector @ 0x0002D500 if necessary
T15620 2507:785.744    -- Filling invalid ranges in sector buffer (flash cache) for sector @ 0x0002D600 if necessary
T15620 2507:785.754    -- Filling invalid ranges in sector buffer (flash cache) for sector @ 0x0002D700 if necessary
T15620 2507:785.764    -- Filling invalid ranges in sector buffer (flash cache) for sector @ 0x0002D800 if necessary
T15620 2507:785.773    -- Filling invalid ranges in sector buffer (flash cache) for sector @ 0x0002D900 if necessary
T15620 2507:785.783    -- Filling invalid ranges in sector buffer (flash cache) for sector @ 0x0002DA00 if necessary
T15620 2507:785.792    -- Filling invalid ranges in sector buffer (flash cache) for sector @ 0x0002DB00 if necessary
T15620 2507:785.804    -- Filling invalid ranges in sector buffer (flash cache) for sector @ 0x0002DC00 if necessary
T15620 2507:785.814    -- Filling invalid ranges in sector buffer (flash cache) for sector @ 0x0002DD00 if necessary
T15620 2507:785.835    -- Filling invalid ranges in sector buffer (flash cache) for sector @ 0x0002DE00 if necessary
T15620 2507:785.846    -- Filling invalid ranges in sector buffer (flash cache) for sector @ 0x0002DF00 if necessary
T15620 2507:785.858    -- Filling invalid ranges in sector buffer (flash cache) for sector @ 0x0002E000 if necessary
T15620 2507:785.871    -- Filling invalid ranges in sector buffer (flash cache) for sector @ 0x0002E100 if necessary
T15620 2507:785.881    -- Filling invalid ranges in sector buffer (flash cache) for sector @ 0x0002E200 if necessary
T15620 2507:785.894    -- Filling invalid ranges in sector buffer (flash cache) for sector @ 0x0002E300 if necessary
T15620 2507:785.905    -- Filling invalid ranges in sector buffer (flash cache) for sector @ 0x0002E400 if necessary
T15620 2507:785.915    -- Filling invalid ranges in sector buffer (flash cache) for sector @ 0x0002E500 if necessary
T15620 2507:785.928    -- Filling invalid ranges in sector buffer (flash cache) for sector @ 0x0002E600 if necessary
T15620 2507:785.938    -- Filling invalid ranges in sector buffer (flash cache) for sector @ 0x0002E700 if necessary
T15620 2507:785.950    -- Filling invalid ranges in sector buffer (flash cache) for sector @ 0x0002E800 if necessary
T15620 2507:785.962    -- Filling invalid ranges in sector buffer (flash cache) for sector @ 0x0002E900 if necessary
T15620 2507:785.975    -- Filling invalid ranges in sector buffer (flash cache) for sector @ 0x0002EA00 if necessary
T15620 2507:785.986    -- Filling invalid ranges in sector buffer (flash cache) for sector @ 0x0002EB00 if necessary
T15620 2507:785.998    -- Filling invalid ranges in sector buffer (flash cache) for sector @ 0x0002EC00 if necessary
T15620 2507:786.008    -- Filling invalid ranges in sector buffer (flash cache) for sector @ 0x0002ED00 if necessary
T15620 2507:786.018    -- Filling invalid ranges in sector buffer (flash cache) for sector @ 0x0002EE00 if necessary
T15620 2507:786.028    -- Filling invalid ranges in sector buffer (flash cache) for sector @ 0x0002EF00 if necessary
T15620 2507:786.037    -- Filling invalid ranges in sector buffer (flash cache) for sector @ 0x0002F000 if necessary
T15620 2507:786.048    -- Filling invalid ranges in sector buffer (flash cache) for sector @ 0x0002F100 if necessary
T15620 2507:786.058    -- Filling invalid ranges in sector buffer (flash cache) for sector @ 0x0002F200 if necessary
T15620 2507:786.068    -- Filling invalid ranges in sector buffer (flash cache) for sector @ 0x0002F300 if necessary
T15620 2507:786.078    -- Filling invalid ranges in sector buffer (flash cache) for sector @ 0x0002F400 if necessary
T15620 2507:786.088    -- Filling invalid ranges in sector buffer (flash cache) for sector @ 0x0002F500 if necessary
T15620 2507:786.098    -- Filling invalid ranges in sector buffer (flash cache) for sector @ 0x0002F600 if necessary
T15620 2507:786.109    -- Filling invalid ranges in sector buffer (flash cache) for sector @ 0x0002F700 if necessary
T15620 2507:786.120    -- Filling invalid ranges in sector buffer (flash cache) for sector @ 0x0002F800 if necessary
T15620 2507:786.132    -- Filling invalid ranges in sector buffer (flash cache) for sector @ 0x0002F900 if necessary
T15620 2507:786.142    -- Filling invalid ranges in sector buffer (flash cache) for sector @ 0x0002FA00 if necessary
T15620 2507:786.154    -- Filling invalid ranges in sector buffer (flash cache) for sector @ 0x0002FB00 if necessary
T15620 2507:786.165    -- Filling invalid ranges in sector buffer (flash cache) for sector @ 0x0002FC00 if necessary
T15620 2507:786.176    -- Filling invalid ranges in sector buffer (flash cache) for sector @ 0x0002FD00 if necessary
T15620 2507:786.186    -- Filling invalid ranges in sector buffer (flash cache) for sector @ 0x0002FE00 if necessary
T15620 2507:786.200    -- Filling invalid ranges in sector buffer (flash cache) for sector @ 0x0002FF00 if necessary
T15620 2507:786.211    -- Filling invalid ranges in sector buffer (flash cache) for sector @ 0x00030000 if necessary
T15620 2507:786.221    -- Filling invalid ranges in sector buffer (flash cache) for sector @ 0x00030100 if necessary
T15620 2507:786.233    -- Filling invalid ranges in sector buffer (flash cache) for sector @ 0x00030200 if necessary
T15620 2507:786.243    -- Filling invalid ranges in sector buffer (flash cache) for sector @ 0x00030300 if necessary
T15620 2507:786.254    -- Filling invalid ranges in sector buffer (flash cache) for sector @ 0x00030400 if necessary
T15620 2507:786.264    -- Filling invalid ranges in sector buffer (flash cache) for sector @ 0x00030500 if necessary
T15620 2507:786.275    -- Filling invalid ranges in sector buffer (flash cache) for sector @ 0x00030600 if necessary
T15620 2507:786.288    -- Filling invalid ranges in sector buffer (flash cache) for sector @ 0x00030700 if necessary
T15620 2507:786.299    -- Filling invalid ranges in sector buffer (flash cache) for sector @ 0x00030800 if necessary
T15620 2507:786.310    -- Filling invalid ranges in sector buffer (flash cache) for sector @ 0x00030900 if necessary
T15620 2507:786.321    -- Filling invalid ranges in sector buffer (flash cache) for sector @ 0x00030A00 if necessary
T15620 2507:786.332    -- Filling invalid ranges in sector buffer (flash cache) for sector @ 0x00030B00 if necessary
T15620 2507:786.343    -- Filling invalid ranges in sector buffer (flash cache) for sector @ 0x00030C00 if necessary
T15620 2507:786.354    -- Filling invalid ranges in sector buffer (flash cache) for sector @ 0x00030D00 if necessary
T15620 2507:786.365    -- Filling invalid ranges in sector buffer (flash cache) for sector @ 0x00030E00 if necessary
T15620 2507:786.376    -- Filling invalid ranges in sector buffer (flash cache) for sector @ 0x00030F00 if necessary
T15620 2507:786.387    -- Filling invalid ranges in sector buffer (flash cache) for sector @ 0x00031000 if necessary
T15620 2507:786.397    -- Filling invalid ranges in sector buffer (flash cache) for sector @ 0x00031100 if necessary
T15620 2507:786.408    -- Filling invalid ranges in sector buffer (flash cache) for sector @ 0x00031200 if necessary
T15620 2507:786.418    -- Filling invalid ranges in sector buffer (flash cache) for sector @ 0x00031300 if necessary
T15620 2507:786.429    -- Filling invalid ranges in sector buffer (flash cache) for sector @ 0x00031400 if necessary
T15620 2507:786.439    -- Filling invalid ranges in sector buffer (flash cache) for sector @ 0x00031500 if necessary
T15620 2507:786.450    -- Filling invalid ranges in sector buffer (flash cache) for sector @ 0x00031600 if necessary
T15620 2507:786.461    -- Filling invalid ranges in sector buffer (flash cache) for sector @ 0x00031700 if necessary
T15620 2507:786.472    -- Filling invalid ranges in sector buffer (flash cache) for sector @ 0x00031800 if necessary
T15620 2507:786.483    -- Filling invalid ranges in sector buffer (flash cache) for sector @ 0x00031900 if necessary
T15620 2507:786.495    -- Filling invalid ranges in sector buffer (flash cache) for sector @ 0x00031A00 if necessary
T15620 2507:786.507    -- Filling invalid ranges in sector buffer (flash cache) for sector @ 0x00031B00 if necessary
T15620 2507:786.519    -- Filling invalid ranges in sector buffer (flash cache) for sector @ 0x00031C00 if necessary
T15620 2507:786.531    -- Filling invalid ranges in sector buffer (flash cache) for sector @ 0x00031D00 if necessary
T15620 2507:786.542    -- Filling invalid ranges in sector buffer (flash cache) for sector @ 0x00031E00 if necessary
T15620 2507:786.554    -- Filling invalid ranges in sector buffer (flash cache) for sector @ 0x00031F00 if necessary
T15620 2507:786.568    -- Filling invalid ranges in sector buffer (flash cache) for sector @ 0x00032000 if necessary
T15620 2507:786.580    -- Filling invalid ranges in sector buffer (flash cache) for sector @ 0x00032100 if necessary
T15620 2507:786.639    -- Filling invalid ranges in sector buffer (flash cache) for sector @ 0x00032200 if necessary
T15620 2507:786.651    -- Filling invalid ranges in sector buffer (flash cache) for sector @ 0x00032300 if necessary
T15620 2507:786.664    -- Filling invalid ranges in sector buffer (flash cache) for sector @ 0x00032400 if necessary
T15620 2507:786.676    -- Filling invalid ranges in sector buffer (flash cache) for sector @ 0x00032500 if necessary
T15620 2507:786.689    -- Filling invalid ranges in sector buffer (flash cache) for sector @ 0x00032600 if necessary
T15620 2507:786.701    -- Filling invalid ranges in sector buffer (flash cache) for sector @ 0x00032700 if necessary
T15620 2507:786.713    -- Filling invalid ranges in sector buffer (flash cache) for sector @ 0x00032800 if necessary
T15620 2507:786.725    -- Filling invalid ranges in sector buffer (flash cache) for sector @ 0x00032900 if necessary
T15620 2507:786.738    -- Filling invalid ranges in sector buffer (flash cache) for sector @ 0x00032A00 if necessary
T15620 2507:786.750    -- Filling invalid ranges in sector buffer (flash cache) for sector @ 0x00032B00 if necessary
T15620 2507:786.764    -- Filling invalid ranges in sector buffer (flash cache) for sector @ 0x00032C00 if necessary
T15620 2507:786.777    -- Filling invalid ranges in sector buffer (flash cache) for sector @ 0x00032D00 if necessary
T15620 2507:786.789    -- Filling invalid ranges in sector buffer (flash cache) for sector @ 0x00032E00 if necessary
T15620 2507:786.813    -- Filling invalid ranges in sector buffer (flash cache) for sector @ 0x00032F00 if necessary
T15620 2507:786.825    -- Filling invalid ranges in sector buffer (flash cache) for sector @ 0x00033000 if necessary
T15620 2507:786.838    -- Filling invalid ranges in sector buffer (flash cache) for sector @ 0x00033100 if necessary
T15620 2507:786.851    -- Filling invalid ranges in sector buffer (flash cache) for sector @ 0x00033200 if necessary
T15620 2507:786.863    -- Filling invalid ranges in sector buffer (flash cache) for sector @ 0x00033300 if necessary
T15620 2507:786.876    -- Filling invalid ranges in sector buffer (flash cache) for sector @ 0x00033400 if necessary
T15620 2507:786.889    -- Filling invalid ranges in sector buffer (flash cache) for sector @ 0x00033500 if necessary
T15620 2507:786.902    -- Filling invalid ranges in sector buffer (flash cache) for sector @ 0x00033600 if necessary
T15620 2507:786.914    -- Filling invalid ranges in sector buffer (flash cache) for sector @ 0x00033700 if necessary
T15620 2507:786.926    -- Filling invalid ranges in sector buffer (flash cache) for sector @ 0x00033800 if necessary
T15620 2507:786.936    -- Filling invalid ranges in sector buffer (flash cache) for sector @ 0x00033900 if necessary
T15620 2507:786.947    -- Filling invalid ranges in sector buffer (flash cache) for sector @ 0x00033A00 if necessary
T15620 2507:786.958    -- Filling invalid ranges in sector buffer (flash cache) for sector @ 0x00033B00 if necessary
T15620 2507:786.968    -- Filling invalid ranges in sector buffer (flash cache) for sector @ 0x00033C00 if necessary
T15620 2507:786.979    -- Filling invalid ranges in sector buffer (flash cache) for sector @ 0x00033D00 if necessary
T15620 2507:786.990    -- Filling invalid ranges in sector buffer (flash cache) for sector @ 0x00033E00 if necessary
T15620 2507:787.000    -- Filling invalid ranges in sector buffer (flash cache) for sector @ 0x00033F00 if necessary
T15620 2507:787.011    -- Filling invalid ranges in sector buffer (flash cache) for sector @ 0x00034000 if necessary
T15620 2507:787.022    -- Filling invalid ranges in sector buffer (flash cache) for sector @ 0x00034100 if necessary
T15620 2507:787.032    -- Filling invalid ranges in sector buffer (flash cache) for sector @ 0x00034200 if necessary
T15620 2507:787.042    -- Filling invalid ranges in sector buffer (flash cache) for sector @ 0x00034300 if necessary
T15620 2507:787.054    -- Filling invalid ranges in sector buffer (flash cache) for sector @ 0x00034400 if necessary
T15620 2507:787.087    -- Filling invalid ranges in sector buffer (flash cache) for sector @ 0x00034500 if necessary
T15620 2507:787.098    -- Filling invalid ranges in sector buffer (flash cache) for sector @ 0x00034600 if necessary
T15620 2507:787.108    -- Filling invalid ranges in sector buffer (flash cache) for sector @ 0x00034700 if necessary
T15620 2507:787.119    -- Filling invalid ranges in sector buffer (flash cache) for sector @ 0x00034800 if necessary
T15620 2507:787.129    -- Filling invalid ranges in sector buffer (flash cache) for sector @ 0x00034900 if necessary
T15620 2507:787.140    -- Filling invalid ranges in sector buffer (flash cache) for sector @ 0x00034A00 if necessary
T15620 2507:787.151    -- Filling invalid ranges in sector buffer (flash cache) for sector @ 0x00034B00 if necessary
T15620 2507:787.162    -- Filling invalid ranges in sector buffer (flash cache) for sector @ 0x00034C00 if necessary
T15620 2507:787.172    -- Filling invalid ranges in sector buffer (flash cache) for sector @ 0x00034D00 if necessary
T15620 2507:787.183    -- Filling invalid ranges in sector buffer (flash cache) for sector @ 0x00034E00 if necessary
T15620 2507:787.194    -- Filling invalid ranges in sector buffer (flash cache) for sector @ 0x00034F00 if necessary
T15620 2507:787.205    -- Filling invalid ranges in sector buffer (flash cache) for sector @ 0x00035000 if necessary
T15620 2507:787.216    -- Filling invalid ranges in sector buffer (flash cache) for sector @ 0x00035100 if necessary
T15620 2507:787.227    -- Filling invalid ranges in sector buffer (flash cache) for sector @ 0x00035200 if necessary
T15620 2507:787.238    -- Filling invalid ranges in sector buffer (flash cache) for sector @ 0x00035300 if necessary
T15620 2507:787.248    -- Filling invalid ranges in sector buffer (flash cache) for sector @ 0x00035400 if necessary
T15620 2507:787.259    -- Filling invalid ranges in sector buffer (flash cache) for sector @ 0x00035500 if necessary
T15620 2507:787.269    -- Filling invalid ranges in sector buffer (flash cache) for sector @ 0x00035600 if necessary
T15620 2507:787.280    -- Filling invalid ranges in sector buffer (flash cache) for sector @ 0x00035700 if necessary
T15620 2507:787.290    -- Filling invalid ranges in sector buffer (flash cache) for sector @ 0x00035800 if necessary
T15620 2507:787.300    -- Filling invalid ranges in sector buffer (flash cache) for sector @ 0x00035900 if necessary
T15620 2507:787.310    -- Filling invalid ranges in sector buffer (flash cache) for sector @ 0x00035A00 if necessary
T15620 2507:787.321    -- Filling invalid ranges in sector buffer (flash cache) for sector @ 0x00035B00 if necessary
T15620 2507:787.331    -- Filling invalid ranges in sector buffer (flash cache) for sector @ 0x00035C00 if necessary
T15620 2507:787.342    -- Filling invalid ranges in sector buffer (flash cache) for sector @ 0x00035D00 if necessary
T15620 2507:787.353    -- Filling invalid ranges in sector buffer (flash cache) for sector @ 0x00035E00 if necessary
T15620 2507:787.363    -- Filling invalid ranges in sector buffer (flash cache) for sector @ 0x00035F00 if necessary
T15620 2507:787.373    -- Filling invalid ranges in sector buffer (flash cache) for sector @ 0x00036000 if necessary
T15620 2507:787.384    -- Filling invalid ranges in sector buffer (flash cache) for sector @ 0x00036100 if necessary
T15620 2507:787.394    -- Filling invalid ranges in sector buffer (flash cache) for sector @ 0x00036200 if necessary
T15620 2507:787.405    -- Filling invalid ranges in sector buffer (flash cache) for sector @ 0x00036300 if necessary
T15620 2507:787.415    -- Filling invalid ranges in sector buffer (flash cache) for sector @ 0x00036400 if necessary
T15620 2507:787.426    -- Filling invalid ranges in sector buffer (flash cache) for sector @ 0x00036500 if necessary
T15620 2507:787.438    -- Filling invalid ranges in sector buffer (flash cache) for sector @ 0x00036600 if necessary
T15620 2507:787.504    -- Filling invalid ranges in sector buffer (flash cache) for sector @ 0x00036700 if necessary
T15620 2507:787.513    -- Filling invalid ranges in sector buffer (flash cache) for sector @ 0x00036800 if necessary
T15620 2507:787.524    -- Filling invalid ranges in sector buffer (flash cache) for sector @ 0x00036900 if necessary
T15620 2507:787.543    -- Filling invalid ranges in sector buffer (flash cache) for sector @ 0x00036A00 if necessary
T15620 2507:787.553    -- Filling invalid ranges in sector buffer (flash cache) for sector @ 0x00036B00 if necessary
T15620 2507:787.563    -- Filling invalid ranges in sector buffer (flash cache) for sector @ 0x00036C00 if necessary
T15620 2507:787.574    -- Filling invalid ranges in sector buffer (flash cache) for sector @ 0x00036D00 if necessary
T15620 2507:787.583    -- Filling invalid ranges in sector buffer (flash cache) for sector @ 0x00036E00 if necessary
T15620 2507:787.593    -- Filling invalid ranges in sector buffer (flash cache) for sector @ 0x00036F00 if necessary
T15620 2507:787.603    -- Filling invalid ranges in sector buffer (flash cache) for sector @ 0x00037000 if necessary
T15620 2507:787.613    -- Filling invalid ranges in sector buffer (flash cache) for sector @ 0x00037100 if necessary
T15620 2507:787.624    -- Filling invalid ranges in sector buffer (flash cache) for sector @ 0x00037200 if necessary
T15620 2507:787.633    -- Filling invalid ranges in sector buffer (flash cache) for sector @ 0x00037300 if necessary
T15620 2507:787.644    -- Filling invalid ranges in sector buffer (flash cache) for sector @ 0x00037400 if necessary
T15620 2507:787.654    -- Filling invalid ranges in sector buffer (flash cache) for sector @ 0x00037500 if necessary
T15620 2507:787.663    -- Filling invalid ranges in sector buffer (flash cache) for sector @ 0x00037600 if necessary
T15620 2507:787.673    -- Filling invalid ranges in sector buffer (flash cache) for sector @ 0x00037700 if necessary
T15620 2507:787.683    -- Filling invalid ranges in sector buffer (flash cache) for sector @ 0x00037800 if necessary
T15620 2507:787.693    -- Filling invalid ranges in sector buffer (flash cache) for sector @ 0x00037900 if necessary
T15620 2507:787.703    -- Filling invalid ranges in sector buffer (flash cache) for sector @ 0x00037A00 if necessary
T15620 2507:787.713    -- Filling invalid ranges in sector buffer (flash cache) for sector @ 0x00037B00 if necessary
T15620 2507:787.722    -- Filling invalid ranges in sector buffer (flash cache) for sector @ 0x00037C00 if necessary
T15620 2507:787.732    -- Filling invalid ranges in sector buffer (flash cache) for sector @ 0x00037D00 if necessary
T15620 2507:787.742    -- Filling invalid ranges in sector buffer (flash cache) for sector @ 0x00037E00 if necessary
T15620 2507:787.752    -- Filling invalid ranges in sector buffer (flash cache) for sector @ 0x00037F00 if necessary
T15620 2507:787.771    -- Filling invalid ranges in sector buffer (flash cache) for sector @ 0x00038000 if necessary
T15620 2507:787.781    -- Filling invalid ranges in sector buffer (flash cache) for sector @ 0x00038100 if necessary
T15620 2507:787.790    -- Filling invalid ranges in sector buffer (flash cache) for sector @ 0x00038200 if necessary
T15620 2507:787.800    -- Filling invalid ranges in sector buffer (flash cache) for sector @ 0x00038300 if necessary
T15620 2507:787.810    -- Filling invalid ranges in sector buffer (flash cache) for sector @ 0x00038400 if necessary
T15620 2507:787.821    -- Filling invalid ranges in sector buffer (flash cache) for sector @ 0x00038500 if necessary
T15620 2507:787.831    -- Filling invalid ranges in sector buffer (flash cache) for sector @ 0x00038600 if necessary
T15620 2507:787.840    -- Filling invalid ranges in sector buffer (flash cache) for sector @ 0x00038700 if necessary
T15620 2507:787.850    -- Filling invalid ranges in sector buffer (flash cache) for sector @ 0x00038800 if necessary
T15620 2507:787.860    -- Filling invalid ranges in sector buffer (flash cache) for sector @ 0x00038900 if necessary
T15620 2507:787.872    -- Filling invalid ranges in sector buffer (flash cache) for sector @ 0x00038A00 if necessary
T15620 2507:787.883    -- Filling invalid ranges in sector buffer (flash cache) for sector @ 0x00038B00 if necessary
T15620 2507:787.893    -- Filling invalid ranges in sector buffer (flash cache) for sector @ 0x00038C00 if necessary
T15620 2507:787.902    -- Filling invalid ranges in sector buffer (flash cache) for sector @ 0x00038D00 if necessary
T15620 2507:787.912    -- Filling invalid ranges in sector buffer (flash cache) for sector @ 0x00038E00 if necessary
T15620 2507:787.922    -- Filling invalid ranges in sector buffer (flash cache) for sector @ 0x00038F00 if necessary
T15620 2507:787.931    -- Filling invalid ranges in sector buffer (flash cache) for sector @ 0x00039000 if necessary
T15620 2507:787.940    -- Filling invalid ranges in sector buffer (flash cache) for sector @ 0x00039100 if necessary
T15620 2507:787.950    -- Filling invalid ranges in sector buffer (flash cache) for sector @ 0x00039200 if necessary
T15620 2507:787.960    -- Filling invalid ranges in sector buffer (flash cache) for sector @ 0x00039300 if necessary
T15620 2507:787.969    -- Filling invalid ranges in sector buffer (flash cache) for sector @ 0x00039400 if necessary
T15620 2507:787.979    -- Filling invalid ranges in sector buffer (flash cache) for sector @ 0x00039500 if necessary
T15620 2507:787.989    -- Filling invalid ranges in sector buffer (flash cache) for sector @ 0x00039600 if necessary
T15620 2507:787.999    -- Filling invalid ranges in sector buffer (flash cache) for sector @ 0x00039700 if necessary
T15620 2507:788.009    -- Filling invalid ranges in sector buffer (flash cache) for sector @ 0x00039800 if necessary
T15620 2507:788.019    -- Filling invalid ranges in sector buffer (flash cache) for sector @ 0x00039900 if necessary
T15620 2507:788.028    -- Filling invalid ranges in sector buffer (flash cache) for sector @ 0x00039A00 if necessary
T15620 2507:788.038    -- Filling invalid ranges in sector buffer (flash cache) for sector @ 0x00039B00 if necessary
T15620 2507:788.048    -- Filling invalid ranges in sector buffer (flash cache) for sector @ 0x00039C00 if necessary
T15620 2507:788.057    -- Filling invalid ranges in sector buffer (flash cache) for sector @ 0x00039D00 if necessary
T15620 2507:788.067    -- Filling invalid ranges in sector buffer (flash cache) for sector @ 0x00039E00 if necessary
T15620 2507:788.076    -- Filling invalid ranges in sector buffer (flash cache) for sector @ 0x00039F00 if necessary
T15620 2507:788.086    -- Filling invalid ranges in sector buffer (flash cache) for sector @ 0x0003A000 if necessary
T15620 2507:788.095    -- Filling invalid ranges in sector buffer (flash cache) for sector @ 0x0003A100 if necessary
T15620 2507:788.105    -- Filling invalid ranges in sector buffer (flash cache) for sector @ 0x0003A200 if necessary
T15620 2507:788.114    -- Filling invalid ranges in sector buffer (flash cache) for sector @ 0x0003A300 if necessary
T15620 2507:788.124    -- Filling invalid ranges in sector buffer (flash cache) for sector @ 0x0003A400 if necessary
T15620 2507:788.134    -- Filling invalid ranges in sector buffer (flash cache) for sector @ 0x0003A500 if necessary
T15620 2507:788.144    -- Filling invalid ranges in sector buffer (flash cache) for sector @ 0x0003A600 if necessary
T15620 2507:788.154    -- Filling invalid ranges in sector buffer (flash cache) for sector @ 0x0003A700 if necessary
T15620 2507:788.164    -- Filling invalid ranges in sector buffer (flash cache) for sector @ 0x0003A800 if necessary
T15620 2507:788.174    -- Filling invalid ranges in sector buffer (flash cache) for sector @ 0x0003A900 if necessary
T15620 2507:788.183    -- Filling invalid ranges in sector buffer (flash cache) for sector @ 0x0003AA00 if necessary
T15620 2507:788.193    -- Filling invalid ranges in sector buffer (flash cache) for sector @ 0x0003AB00 if necessary
T15620 2507:788.202    -- Filling invalid ranges in sector buffer (flash cache) for sector @ 0x0003AC00 if necessary
T15620 2507:788.213    -- Filling invalid ranges in sector buffer (flash cache) for sector @ 0x0003AD00 if necessary
T15620 2507:788.223    -- Filling invalid ranges in sector buffer (flash cache) for sector @ 0x0003AE00 if necessary
T15620 2507:788.232    -- Filling invalid ranges in sector buffer (flash cache) for sector @ 0x0003AF00 if necessary
T15620 2507:788.242    -- Filling invalid ranges in sector buffer (flash cache) for sector @ 0x0003B000 if necessary
T15620 2507:788.251    -- Filling invalid ranges in sector buffer (flash cache) for sector @ 0x0003B100 if necessary
T15620 2507:788.261    -- Filling invalid ranges in sector buffer (flash cache) for sector @ 0x0003B200 if necessary
T15620 2507:788.270    -- Filling invalid ranges in sector buffer (flash cache) for sector @ 0x0003B300 if necessary
T15620 2507:788.280    -- Filling invalid ranges in sector buffer (flash cache) for sector @ 0x0003B400 if necessary
T15620 2507:788.289    -- Filling invalid ranges in sector buffer (flash cache) for sector @ 0x0003B500 if necessary
T15620 2507:788.299    -- Filling invalid ranges in sector buffer (flash cache) for sector @ 0x0003B600 if necessary
T15620 2507:788.308    -- Filling invalid ranges in sector buffer (flash cache) for sector @ 0x0003B700 if necessary
T15620 2507:788.318    -- Filling invalid ranges in sector buffer (flash cache) for sector @ 0x0003B800 if necessary
T15620 2507:788.327    -- Filling invalid ranges in sector buffer (flash cache) for sector @ 0x0003B900 if necessary
T15620 2507:788.337    -- Filling invalid ranges in sector buffer (flash cache) for sector @ 0x0003BA00 if necessary
T15620 2507:788.348    -- Filling invalid ranges in sector buffer (flash cache) for sector @ 0x0003BB00 if necessary
T15620 2507:788.357    -- Filling invalid ranges in sector buffer (flash cache) for sector @ 0x0003BC00 if necessary
T15620 2507:788.366    -- Filling invalid ranges in sector buffer (flash cache) for sector @ 0x0003BD00 if necessary
T15620 2507:788.387    -- End of determining dirty areas
T15620 2507:788.397    -- Start of preparing flash programming
T15620 2507:788.407    -- Calculating RAM usage
T15620 2507:788.440    -- RAM usage = 10052 Bytes
T15620 2507:788.449    -- Preserving CPU registers
T15620 2507:788.479    -- Preparing target
T15620 2507:788.488    -- Preserving target RAM temporarily used for programming
T15620 2507:842.592    -- Downloading RAMCode
T15620 2507:860.604    -- Preparing RAMCode
T15620 2507:867.648    -- End of preparing flash programming
T15620 2507:871.387    -- CPU speed could not be measured.
T15620 2507:871.423    -- Start of comparing flash
T15620 2507:871.434    -- CRC check was estimated as fastest method
T15620 2507:900.078    -- Comparing range 0x12000 - 0x31FFF (512 Sectors, 128 KB), using multi-block CRC calculation
T15620 2507:999.713    -- All CRCs match
T15620 2508:000.323    -- Comparing range 0x32000 - 0x3BDFF (158 Sectors, 39 KB), using multi-block CRC calculation
T15620 2508:034.173    -- All CRCs match
T15620 2508:034.608    -- Comparing range 0x12000 - 0x31FFF (512 Sectors, 128 KB), using alternative multi-block CRC calculation
T15620 2508:130.078    -- All CRCs match
T15620 2508:130.463    -- Comparing range 0x32000 - 0x3BDFF (158 Sectors, 39 KB), using alternative multi-block CRC calculation
T15620 2508:164.419    -- All CRCs match
T15620 2508:164.454    -- End of comparing flash
T15620 2508:164.466    -- Start of erasing sectors
T15620 2508:164.477    -- End of erasing sectors
T15620 2508:164.488    -- Start of flash programming
T15620 2508:164.498    -- End of flash programming
T15620 2508:164.508    -- Start of restoring
T15620 2508:164.519    -- Restoring RAMCode
T15620 2508:169.714    -- Restoring target memory
T15620 2508:220.293    -- Restore target
T15620 2508:220.334    -- Restoring CPU registers
T15620 2508:220.365    -- End of restoring
T15620 2508:220.438    -- Bank 0 @ 0x00000000: Skipped. Contents already match
T15620 2508:220.457    -- Bank 0 @ 0x00000000: Skipped. Contents already match
T15620 2508:230.817 - 452.070ms returns 0 (0x0)
T146D8 2508:231.286 JLINK_EMU_GetList(InterfaceMask = 0x00000001, MaxInfos = 0x00000032) 
T146D8 2508:233.212   [0]: USB, S/N: 801048252
T146D8 2508:233.252 - 1.967ms returns 1
T15620 2508:233.273 JLINK_ResetPullsRESET(ON)
T15620 2508:233.289 - 0.016ms
T15620 2508:233.298 JLINK_ResetNoHalt()
T15620 2508:233.839   InitTarget() start
T15620 2508:233.856    J-Link Script File: Executing InitTarget()
T15620 2508:233.877   InitTarget()
T15620 2508:238.856   InitTarget() end - Took 4.94ms
T15620 2508:240.049   Found SW-DP with ID 0x0BC11477
T15620 2508:244.268   DPIDR: 0x0BC11477
T15620 2508:244.310   CoreSight SoC-400 or earlier
T15620 2508:244.332   AP map detection skipped. Manually configured AP map found.
T15620 2508:244.351   AP[0]: AHB-AP (IDR: Not set)
T15620 2508:246.432   AP[0]: Core found
T15620 2508:246.622   AP[0]: AHB-AP ROM base: 0x41003000
T15620 2508:247.550   CPUID register: 0x410CC601. Implementer code: 0x41 (ARM)
T15620 2508:247.655   Found Cortex-M0 r0p1, Little endian.
T15620 2508:248.635   -- Max. mem block: 0x000027A8
T15620 2508:248.673   CPU_ReadMem(4 bytes @ 0xE000EDF0)
T15620 2508:249.301   CPU_ReadMem(4 bytes @ 0xE0002000)
T15620 2508:249.979   FPUnit: 4 code (BP) slots and 0 literal slots
T15620 2508:249.996   CPU_ReadMem(4 bytes @ 0xE000EDFC)
T15620 2508:250.622   CPU_ReadMem(4 bytes @ 0xE0001000)
T15620 2508:251.260   CoreSight components:
T15620 2508:251.284   ROMTbl[0] @ 41003000
T15620 2508:251.297   CPU_ReadMem(64 bytes @ 0x41003000)
T15620 2508:252.256   CPU_ReadMem(32 bytes @ 0xE00FFFE0)
T15620 2508:253.076   [0][0]: E00FF000 CID B105100D PID 000BB4C0 ROM Table
T15620 2508:253.102   ROMTbl[1] @ E00FF000
T15620 2508:253.114   CPU_ReadMem(64 bytes @ 0xE00FF000)
T15620 2508:254.117   CPU_ReadMem(32 bytes @ 0xE000EFE0)
T15620 2508:254.942   [1][0]: E000E000 CID B105E00D PID 000BB008 SCS
T15620 2508:254.958   CPU_ReadMem(32 bytes @ 0xE0001FE0)
T15620 2508:255.868   [1][1]: E0001000 CID B105E00D PID 000BB00A DWT
T15620 2508:255.884   CPU_ReadMem(32 bytes @ 0xE0002FE0)
T15620 2508:256.716   [1][2]: E0002000 CID B105E00D PID 000BB00B FPB
T15620 2508:256.735   CPU_ReadMem(32 bytes @ 0x41006FE0)
T15620 2508:257.650   [0][1]: 41006000 CID B105900D PID 001BB932 MTB-M0+
T15620 2508:257.686   JLINK_Reset()
T15620 2508:257.700     CPU_ReadMem(4 bytes @ 0x20000000)
T15620 2508:258.286     CPU_WriteMem(4 bytes @ 0x20000000)
T15620 2508:258.969     ResetTarget() start
T15620 2508:258.980      J-Link Script File: Executing ResetTarget()
T15620 2508:259.621     CPU_ReadMem(4 bytes @ 0xE000EDFC)
T15620 2508:260.214     CPU_WriteMem(4 bytes @ 0xE000EDFC)
T15620 2508:260.827     CPU_WriteMem(4 bytes @ 0xE000ED0C)
T15620 2508:263.374     CPU_ReadMem(4 bytes @ 0xE000EDF0)
T15620 2508:264.096     CPU_ReadMem(4 bytes @ 0x41002100)
T15620 2508:264.819     CPU_WriteMem(4 bytes @ 0xE000EDFC)
T15620 2508:265.691     ResetTarget() end - Took 6.64ms
T15620 2508:270.177     CPU_WriteMem(4 bytes @ 0xE0002000)
T15620 2508:270.830     CPU_ReadMem(4 bytes @ 0xE000EDFC)
T15620 2508:271.475     CPU_ReadMem(4 bytes @ 0xE0001000)
T15620 2508:272.097     CPU_WriteMem(4 bytes @ 0xE0001000)
T15620 2508:272.805   - 15.118ms
T15620 2508:272.830   JLINK_Go()
T15620 2508:272.854     CPU_ReadMem(4 bytes @ 0xE0001000)
T15620 2508:273.462     CPU_WriteMem(4 bytes @ 0xE0001000)
T15620 2508:274.089     CPU_WriteMem(4 bytes @ 0xE0001004)
T15620 2508:275.622     Memory map 'after startup completion point' is active
T15620 2508:275.647   - 2.816ms
T15620 2508:275.657 - 42.358ms
T146D8 2508:275.686 JLINK_EMU_GetList(InterfaceMask = 0x00000002, MaxInfos = 0x00000032) 
T146D8 2508:300.388 - 24.701ms returns 0
T15620 2508:300.493 JLINK_Close()
T15620 2508:313.839 - 13.343ms
T15620 2508:313.872   
T15620 2508:313.880   Closed
